{"/Users/ihill/Development/node_applications/hapi-rest-demo/index.js":{"path":"/Users/ihill/Development/node_applications/hapi-rest-demo/index.js","s":{"1":1,"2":1,"3":1,"4":1,"5":1,"6":1,"7":1,"8":1,"9":1,"10":1,"11":0,"12":1},"b":{"1":[0,1]},"f":{"1":1},"fnMap":{"1":{"name":"(anonymous_1)","line":18,"loc":{"start":{"line":18,"column":13},"end":{"line":18,"column":26}}}},"statementMap":{"1":{"start":{"line":3,"column":0},"end":{"line":3,"column":29}},"2":{"start":{"line":4,"column":0},"end":{"line":4,"column":52}},"3":{"start":{"line":6,"column":0},"end":{"line":6,"column":37}},"4":{"start":{"line":9,"column":0},"end":{"line":9,"column":33}},"5":{"start":{"line":10,"column":0},"end":{"line":10,"column":54}},"6":{"start":{"line":12,"column":0},"end":{"line":14,"column":1}},"7":{"start":{"line":13,"column":4},"end":{"line":13,"column":32}},"8":{"start":{"line":16,"column":0},"end":{"line":16,"column":24}},"9":{"start":{"line":18,"column":0},"end":{"line":24,"column":3}},"10":{"start":{"line":20,"column":4},"end":{"line":22,"column":5}},"11":{"start":{"line":21,"column":8},"end":{"line":21,"column":18}},"12":{"start":{"line":23,"column":4},"end":{"line":23,"column":56}}},"branchMap":{"1":{"line":20,"type":"if","locations":[{"start":{"line":20,"column":4},"end":{"line":20,"column":4}},{"start":{"line":20,"column":4},"end":{"line":20,"column":4}}]}}},"/Users/ihill/Development/node_applications/hapi-rest-demo/src/config/constants.js":{"path":"/Users/ihill/Development/node_applications/hapi-rest-demo/src/config/constants.js","s":{"1":1,"2":1,"3":1,"4":1,"5":1,"6":1,"7":0,"8":1,"9":0,"10":1,"11":0,"12":1,"13":0,"14":1,"15":0,"16":1,"17":0,"18":1,"19":1,"20":1,"21":1,"22":1},"b":{"1":[1,1],"2":[0,1],"3":[0,1],"4":[0,1],"5":[0,1],"6":[0,1],"7":[0,1]},"f":{"1":1,"2":1,"3":1},"fnMap":{"1":{"name":"(anonymous_1)","line":3,"loc":{"start":{"line":3,"column":17},"end":{"line":3,"column":28}}},"2":{"name":"databaseConfig","line":48,"loc":{"start":{"line":48,"column":1},"end":{"line":48,"column":26}}},"3":{"name":"applicationConfig","line":65,"loc":{"start":{"line":65,"column":1},"end":{"line":65,"column":29}}}},"statementMap":{"1":{"start":{"line":3,"column":0},"end":{"line":80,"column":4}},"2":{"start":{"line":5,"column":1},"end":{"line":5,"column":49}},"3":{"start":{"line":6,"column":1},"end":{"line":6,"column":35}},"4":{"start":{"line":7,"column":1},"end":{"line":7,"column":40}},"5":{"start":{"line":9,"column":1},"end":{"line":24,"column":3}},"6":{"start":{"line":26,"column":1},"end":{"line":44,"column":2}},"7":{"start":{"line":27,"column":2},"end":{"line":28,"column":49}},"8":{"start":{"line":29,"column":8},"end":{"line":44,"column":2}},"9":{"start":{"line":30,"column":2},"end":{"line":31,"column":48}},"10":{"start":{"line":32,"column":8},"end":{"line":44,"column":2}},"11":{"start":{"line":33,"column":2},"end":{"line":34,"column":39}},"12":{"start":{"line":35,"column":8},"end":{"line":44,"column":2}},"13":{"start":{"line":36,"column":2},"end":{"line":37,"column":39}},"14":{"start":{"line":38,"column":8},"end":{"line":44,"column":2}},"15":{"start":{"line":39,"column":2},"end":{"line":40,"column":39}},"16":{"start":{"line":41,"column":8},"end":{"line":44,"column":2}},"17":{"start":{"line":42,"column":2},"end":{"line":43,"column":39}},"18":{"start":{"line":46,"column":1},"end":{"line":46,"column":12}},"19":{"start":{"line":48,"column":1},"end":{"line":63,"column":2}},"20":{"start":{"line":49,"column":2},"end":{"line":62,"column":4}},"21":{"start":{"line":65,"column":1},"end":{"line":79,"column":2}},"22":{"start":{"line":66,"column":2},"end":{"line":78,"column":4}}},"branchMap":{"1":{"line":5,"type":"binary-expr","locations":[{"start":{"line":5,"column":11},"end":{"line":5,"column":31}},{"start":{"line":5,"column":35},"end":{"line":5,"column":48}}]},"2":{"line":26,"type":"if","locations":[{"start":{"line":26,"column":1},"end":{"line":26,"column":1}},{"start":{"line":26,"column":1},"end":{"line":26,"column":1}}]},"3":{"line":29,"type":"if","locations":[{"start":{"line":29,"column":8},"end":{"line":29,"column":8}},{"start":{"line":29,"column":8},"end":{"line":29,"column":8}}]},"4":{"line":32,"type":"if","locations":[{"start":{"line":32,"column":8},"end":{"line":32,"column":8}},{"start":{"line":32,"column":8},"end":{"line":32,"column":8}}]},"5":{"line":35,"type":"if","locations":[{"start":{"line":35,"column":8},"end":{"line":35,"column":8}},{"start":{"line":35,"column":8},"end":{"line":35,"column":8}}]},"6":{"line":38,"type":"if","locations":[{"start":{"line":38,"column":8},"end":{"line":38,"column":8}},{"start":{"line":38,"column":8},"end":{"line":38,"column":8}}]},"7":{"line":41,"type":"if","locations":[{"start":{"line":41,"column":8},"end":{"line":41,"column":8}},{"start":{"line":41,"column":8},"end":{"line":41,"column":8}}]}}},"/Users/ihill/Development/node_applications/hapi-rest-demo/src/routes/index.js":{"path":"/Users/ihill/Development/node_applications/hapi-rest-demo/src/routes/index.js","s":{"1":1,"2":1,"3":1,"4":1,"5":2,"6":1,"7":1,"8":1,"9":1},"b":{"1":[1,1]},"f":{"1":2},"fnMap":{"1":{"name":"(anonymous_1)","line":5,"loc":{"start":{"line":5,"column":34},"end":{"line":5,"column":50}}}},"statementMap":{"1":{"start":{"line":1,"column":0},"end":{"line":1,"column":27}},"2":{"start":{"line":2,"column":0},"end":{"line":2,"column":23}},"3":{"start":{"line":3,"column":0},"end":{"line":3,"column":30}},"4":{"start":{"line":5,"column":0},"end":{"line":18,"column":3}},"5":{"start":{"line":7,"column":2},"end":{"line":7,"column":34}},"6":{"start":{"line":7,"column":27},"end":{"line":7,"column":34}},"7":{"start":{"line":10,"column":2},"end":{"line":10,"column":15}},"8":{"start":{"line":13,"column":2},"end":{"line":13,"column":72}},"9":{"start":{"line":17,"column":2},"end":{"line":17,"column":32}}},"branchMap":{"1":{"line":7,"type":"if","locations":[{"start":{"line":7,"column":2},"end":{"line":7,"column":2}},{"start":{"line":7,"column":2},"end":{"line":7,"column":2}}]}}},"/Users/ihill/Development/node_applications/hapi-rest-demo/src/routes/product.js":{"path":"/Users/ihill/Development/node_applications/hapi-rest-demo/src/routes/product.js","s":{"1":1,"2":1,"3":1},"b":{},"f":{"1":1},"fnMap":{"1":{"name":"(anonymous_1)","line":6,"loc":{"start":{"line":6,"column":17},"end":{"line":6,"column":29}}}},"statementMap":{"1":{"start":{"line":3,"column":0},"end":{"line":3,"column":58}},"2":{"start":{"line":6,"column":0},"end":{"line":24,"column":4}},"3":{"start":{"line":7,"column":4},"end":{"line":23,"column":6}}},"branchMap":{}},"/Users/ihill/Development/node_applications/hapi-rest-demo/src/controllers/product.js":{"path":"/Users/ihill/Development/node_applications/hapi-rest-demo/src/controllers/product.js","s":{"1":1,"2":1,"3":1,"4":1,"5":0,"6":0,"7":0,"8":0,"9":0,"10":0,"11":1,"12":1,"13":1,"14":0,"15":0,"16":1,"17":1,"18":1,"19":1,"20":0,"21":0,"22":1,"23":1,"24":1},"b":{"1":[0,0],"2":[0,1],"3":[0,1]},"f":{"1":1,"2":1,"3":0,"4":0,"5":1,"6":1,"7":1,"8":1},"fnMap":{"1":{"name":"ProductController","line":5,"loc":{"start":{"line":5,"column":0},"end":{"line":5,"column":28}}},"2":{"name":"(anonymous_2)","line":6,"loc":{"start":{"line":6,"column":31},"end":{"line":6,"column":41}}},"3":{"name":"findByName","line":9,"loc":{"start":{"line":9,"column":15},"end":{"line":9,"column":51}}},"4":{"name":"(anonymous_4)","line":13,"loc":{"start":{"line":13,"column":34},"end":{"line":13,"column":55}}},"5":{"name":"findByID","line":21,"loc":{"start":{"line":21,"column":12},"end":{"line":21,"column":46}}},"6":{"name":"(anonymous_6)","line":25,"loc":{"start":{"line":25,"column":31},"end":{"line":25,"column":52}}},"7":{"name":"find","line":33,"loc":{"start":{"line":33,"column":8},"end":{"line":33,"column":38}}},"8":{"name":"(anonymous_8)","line":37,"loc":{"start":{"line":37,"column":27},"end":{"line":37,"column":48}}}},"statementMap":{"1":{"start":{"line":3,"column":0},"end":{"line":3,"column":43}},"2":{"start":{"line":5,"column":0},"end":{"line":5,"column":30}},"3":{"start":{"line":6,"column":0},"end":{"line":46,"column":5}},"4":{"start":{"line":8,"column":1},"end":{"line":45,"column":2}},"5":{"start":{"line":11,"column":4},"end":{"line":11,"column":32}},"6":{"start":{"line":13,"column":4},"end":{"line":19,"column":7}},"7":{"start":{"line":14,"column":5},"end":{"line":17,"column":6}},"8":{"start":{"line":15,"column":6},"end":{"line":15,"column":23}},"9":{"start":{"line":16,"column":6},"end":{"line":16,"column":24}},"10":{"start":{"line":18,"column":5},"end":{"line":18,"column":22}},"11":{"start":{"line":23,"column":3},"end":{"line":23,"column":31}},"12":{"start":{"line":25,"column":3},"end":{"line":31,"column":6}},"13":{"start":{"line":26,"column":4},"end":{"line":29,"column":17}},"14":{"start":{"line":27,"column":20},"end":{"line":27,"column":37}},"15":{"start":{"line":28,"column":20},"end":{"line":28,"column":38}},"16":{"start":{"line":30,"column":4},"end":{"line":30,"column":21}},"17":{"start":{"line":35,"column":3},"end":{"line":35,"column":30}},"18":{"start":{"line":37,"column":3},"end":{"line":43,"column":6}},"19":{"start":{"line":38,"column":4},"end":{"line":41,"column":5}},"20":{"start":{"line":39,"column":5},"end":{"line":39,"column":22}},"21":{"start":{"line":40,"column":5},"end":{"line":40,"column":23}},"22":{"start":{"line":42,"column":4},"end":{"line":42,"column":21}},"23":{"start":{"line":48,"column":0},"end":{"line":48,"column":48}},"24":{"start":{"line":49,"column":0},"end":{"line":49,"column":35}}},"branchMap":{"1":{"line":14,"type":"if","locations":[{"start":{"line":14,"column":5},"end":{"line":14,"column":5}},{"start":{"line":14,"column":5},"end":{"line":14,"column":5}}]},"2":{"line":26,"type":"if","locations":[{"start":{"line":26,"column":4},"end":{"line":26,"column":4}},{"start":{"line":26,"column":4},"end":{"line":26,"column":4}}]},"3":{"line":38,"type":"if","locations":[{"start":{"line":38,"column":4},"end":{"line":38,"column":4}},{"start":{"line":38,"column":4},"end":{"line":38,"column":4}}]}}},"/Users/ihill/Development/node_applications/hapi-rest-demo/src/dao/product.js":{"path":"/Users/ihill/Development/node_applications/hapi-rest-demo/src/dao/product.js","s":{"1":1,"2":1,"3":1,"4":1,"5":0,"6":0,"7":0,"8":1,"9":1,"10":1,"11":1,"12":1,"13":1,"14":1,"15":1},"b":{},"f":{"1":1,"2":1,"3":0,"4":1,"5":1},"fnMap":{"1":{"name":"productDAO","line":5,"loc":{"start":{"line":5,"column":0},"end":{"line":5,"column":21}}},"2":{"name":"(anonymous_2)","line":6,"loc":{"start":{"line":6,"column":24},"end":{"line":6,"column":34}}},"3":{"name":"findByName","line":9,"loc":{"start":{"line":9,"column":15},"end":{"line":9,"column":53}}},"4":{"name":"findByID","line":24,"loc":{"start":{"line":24,"column":12},"end":{"line":24,"column":48}}},"5":{"name":"find","line":39,"loc":{"start":{"line":39,"column":8},"end":{"line":39,"column":40}}}},"statementMap":{"1":{"start":{"line":3,"column":0},"end":{"line":3,"column":37}},"2":{"start":{"line":5,"column":0},"end":{"line":5,"column":23}},"3":{"start":{"line":6,"column":0},"end":{"line":53,"column":5}},"4":{"start":{"line":8,"column":1},"end":{"line":52,"column":3}},"5":{"start":{"line":11,"column":4},"end":{"line":13,"column":6}},"6":{"start":{"line":15,"column":4},"end":{"line":16,"column":34}},"7":{"start":{"line":18,"column":4},"end":{"line":22,"column":6}},"8":{"start":{"line":26,"column":3},"end":{"line":28,"column":5}},"9":{"start":{"line":30,"column":3},"end":{"line":31,"column":32}},"10":{"start":{"line":33,"column":3},"end":{"line":37,"column":6}},"11":{"start":{"line":41,"column":3},"end":{"line":42,"column":5}},"12":{"start":{"line":44,"column":3},"end":{"line":44,"column":38}},"13":{"start":{"line":46,"column":3},"end":{"line":50,"column":6}},"14":{"start":{"line":55,"column":0},"end":{"line":55,"column":34}},"15":{"start":{"line":56,"column":0},"end":{"line":56,"column":28}}},"branchMap":{}},"/Users/ihill/Development/node_applications/hapi-rest-demo/src/middleware/db.js":{"path":"/Users/ihill/Development/node_applications/hapi-rest-demo/src/middleware/db.js","s":{"1":1,"2":1,"3":1,"4":1,"5":1,"6":1,"7":2,"8":2,"9":2,"10":2,"11":2,"12":0,"13":2,"14":2,"15":2,"16":0,"17":2,"18":1},"b":{"1":[0,2],"2":[0,2]},"f":{"1":1,"2":2,"3":2,"4":2},"fnMap":{"1":{"name":"(anonymous_1)","line":6,"loc":{"start":{"line":6,"column":17},"end":{"line":6,"column":29}}},"2":{"name":"(anonymous_2)","line":12,"loc":{"start":{"line":12,"column":22},"end":{"line":12,"column":40}}},"3":{"name":"(anonymous_3)","line":16,"loc":{"start":{"line":16,"column":31},"end":{"line":16,"column":64}}},"4":{"name":"(anonymous_4)","line":18,"loc":{"start":{"line":18,"column":42},"end":{"line":18,"column":63}}}},"statementMap":{"1":{"start":{"line":3,"column":0},"end":{"line":3,"column":23}},"2":{"start":{"line":4,"column":0},"end":{"line":4,"column":50}},"3":{"start":{"line":6,"column":0},"end":{"line":27,"column":4}},"4":{"start":{"line":8,"column":4},"end":{"line":8,"column":23}},"5":{"start":{"line":10,"column":4},"end":{"line":10,"column":165}},"6":{"start":{"line":12,"column":4},"end":{"line":24,"column":6}},"7":{"start":{"line":13,"column":8},"end":{"line":13,"column":29}},"8":{"start":{"line":14,"column":8},"end":{"line":14,"column":35}},"9":{"start":{"line":15,"column":8},"end":{"line":15,"column":43}},"10":{"start":{"line":16,"column":8},"end":{"line":23,"column":11}},"11":{"start":{"line":17,"column":12},"end":{"line":17,"column":52}},"12":{"start":{"line":17,"column":21},"end":{"line":17,"column":52}},"13":{"start":{"line":18,"column":12},"end":{"line":22,"column":15}},"14":{"start":{"line":19,"column":16},"end":{"line":19,"column":23}},"15":{"start":{"line":20,"column":16},"end":{"line":20,"column":56}},"16":{"start":{"line":20,"column":25},"end":{"line":20,"column":56}},"17":{"start":{"line":21,"column":16},"end":{"line":21,"column":40}},"18":{"start":{"line":26,"column":4},"end":{"line":26,"column":21}}},"branchMap":{"1":{"line":17,"type":"if","locations":[{"start":{"line":17,"column":12},"end":{"line":17,"column":12}},{"start":{"line":17,"column":12},"end":{"line":17,"column":12}}]},"2":{"line":20,"type":"if","locations":[{"start":{"line":20,"column":16},"end":{"line":20,"column":16}},{"start":{"line":20,"column":16},"end":{"line":20,"column":16}}]}}}}