TN:
SF:/Users/ihill/Development/node_applications/hapi-rest-demo/index.js
FN:18,(anonymous_1)
FNF:1
FNH:1
FNDA:1,(anonymous_1)
DA:3,1
DA:4,1
DA:6,1
DA:9,1
DA:10,1
DA:12,1
DA:13,1
DA:16,1
DA:18,1
DA:20,1
DA:21,0
DA:23,1
LF:12
LH:11
BRDA:20,1,0,0
BRDA:20,1,1,1
BRF:2
BRH:1
end_of_record
TN:
SF:/Users/ihill/Development/node_applications/hapi-rest-demo/src/config/constants.js
FN:3,(anonymous_1)
FN:48,databaseConfig
FN:65,applicationConfig
FNF:3
FNH:3
FNDA:1,(anonymous_1)
FNDA:1,databaseConfig
FNDA:1,applicationConfig
DA:3,1
DA:5,1
DA:6,1
DA:7,1
DA:9,1
DA:26,1
DA:27,0
DA:29,1
DA:30,0
DA:32,1
DA:33,0
DA:35,1
DA:36,0
DA:38,1
DA:39,0
DA:41,1
DA:42,0
DA:46,1
DA:48,1
DA:49,1
DA:65,1
DA:66,1
LF:22
LH:16
BRDA:5,1,0,1
BRDA:5,1,1,1
BRDA:26,2,0,0
BRDA:26,2,1,1
BRDA:29,3,0,0
BRDA:29,3,1,1
BRDA:32,4,0,0
BRDA:32,4,1,1
BRDA:35,5,0,0
BRDA:35,5,1,1
BRDA:38,6,0,0
BRDA:38,6,1,1
BRDA:41,7,0,0
BRDA:41,7,1,1
BRF:14
BRH:8
end_of_record
TN:
SF:/Users/ihill/Development/node_applications/hapi-rest-demo/src/routes/index.js
FN:5,(anonymous_1)
FNF:1
FNH:1
FNDA:2,(anonymous_1)
DA:1,1
DA:2,1
DA:3,1
DA:5,1
DA:7,2
DA:10,1
DA:13,1
DA:17,1
LF:8
LH:8
BRDA:7,1,0,1
BRDA:7,1,1,1
BRF:2
BRH:2
end_of_record
TN:
SF:/Users/ihill/Development/node_applications/hapi-rest-demo/src/routes/product.js
FN:6,(anonymous_1)
FNF:1
FNH:1
FNDA:1,(anonymous_1)
DA:3,1
DA:6,1
DA:7,1
LF:3
LH:3
BRF:0
BRH:0
end_of_record
TN:
SF:/Users/ihill/Development/node_applications/hapi-rest-demo/src/controllers/product.js
FN:5,ProductController
FN:6,(anonymous_2)
FN:9,findByName
FN:13,(anonymous_4)
FN:21,findByID
FN:25,(anonymous_6)
FN:33,find
FN:37,(anonymous_8)
FNF:8
FNH:6
FNDA:1,ProductController
FNDA:1,(anonymous_2)
FNDA:0,findByName
FNDA:0,(anonymous_4)
FNDA:1,findByID
FNDA:1,(anonymous_6)
FNDA:1,find
FNDA:1,(anonymous_8)
DA:3,1
DA:5,1
DA:6,1
DA:8,1
DA:11,0
DA:13,0
DA:14,0
DA:15,0
DA:16,0
DA:18,0
DA:23,1
DA:25,1
DA:26,1
DA:27,0
DA:28,0
DA:30,1
DA:35,1
DA:37,1
DA:38,1
DA:39,0
DA:40,0
DA:42,1
DA:48,1
DA:49,1
LF:24
LH:14
BRDA:14,1,0,0
BRDA:14,1,1,0
BRDA:26,2,0,0
BRDA:26,2,1,1
BRDA:38,3,0,0
BRDA:38,3,1,1
BRF:6
BRH:2
end_of_record
TN:
SF:/Users/ihill/Development/node_applications/hapi-rest-demo/src/dao/product.js
FN:5,productDAO
FN:6,(anonymous_2)
FN:9,findByName
FN:24,findByID
FN:39,find
FNF:5
FNH:4
FNDA:1,productDAO
FNDA:1,(anonymous_2)
FNDA:0,findByName
FNDA:1,findByID
FNDA:1,find
DA:3,1
DA:5,1
DA:6,1
DA:8,1
DA:11,0
DA:15,0
DA:18,0
DA:26,1
DA:30,1
DA:33,1
DA:41,1
DA:44,1
DA:46,1
DA:55,1
DA:56,1
LF:15
LH:12
BRF:0
BRH:0
end_of_record
TN:
SF:/Users/ihill/Development/node_applications/hapi-rest-demo/src/middleware/db.js
FN:6,(anonymous_1)
FN:12,(anonymous_2)
FN:16,(anonymous_3)
FN:18,(anonymous_4)
FNF:4
FNH:4
FNDA:1,(anonymous_1)
FNDA:2,(anonymous_2)
FNDA:2,(anonymous_3)
FNDA:2,(anonymous_4)
DA:3,1
DA:4,1
DA:6,1
DA:8,1
DA:10,1
DA:12,1
DA:13,2
DA:14,2
DA:15,2
DA:16,2
DA:17,2
DA:18,2
DA:19,2
DA:20,2
DA:21,2
DA:26,1
LF:16
LH:16
BRDA:17,1,0,0
BRDA:17,1,1,2
BRDA:20,2,0,0
BRDA:20,2,1,2
BRF:4
BRH:2
end_of_record
